Using pre-set license
Built from '2020.3/staging' branch; Version is '2020.3.29f1 (2ff179115da0) revision 3142009'; Using compiler version '192528614'; Build Type 'Release'
OS: 'Windows 10  (10.0.19042) 64bit Enterprise' Language: 'ko' Physical Memory: 8066 MB
BatchMode: 1, IsHumanControllingUs: 0, StartBugReporterOnCrash: 0, Is64bit: 1, IsPro: 0

COMMAND LINE ARGUMENTS:
C:\Program Files\Unity\Hub\Editor\2020.3.29f1\Editor\Unity.exe
-adb2
-batchMode
-noUpm
-name
AssetImportWorker0
-projectPath
C:/Users/User/Documents/GitHub/Unity-Programming-Essence-master/Unity-Essense/14/Zombie
-logFile
Logs/AssetImportWorker0.log
-srvPort
49813
Successfully changed project path to: C:/Users/User/Documents/GitHub/Unity-Programming-Essence-master/Unity-Essense/14/Zombie
C:/Users/User/Documents/GitHub/Unity-Programming-Essence-master/Unity-Essense/14/Zombie
Using Asset Import Pipeline V2.
Refreshing native plugins compatible for Editor in 175.28 ms, found 2 plugins.
Preloading 0 native plugins for Editor in 0.00 ms.
Initialize engine version: 2020.3.29f1 (2ff179115da0)
[Subsystems] Discovering subsystems at path C:/Program Files/Unity/Hub/Editor/2020.3.29f1/Editor/Data/Resources/UnitySubsystems
[Subsystems] Discovering subsystems at path C:/Users/User/Documents/GitHub/Unity-Programming-Essence-master/Unity-Essense/14/Zombie/Assets
GfxDevice: creating device client; threaded=0
Direct3D:
    Version:  Direct3D 11.0 [level 11.1]
    Renderer: NVIDIA GeForce GTX 1050 (ID=0x1c8d)
    Vendor:   
    VRAM:     4021 MB
    Driver:   26.21.14.4587
Initialize mono
Mono path[0] = 'C:/Program Files/Unity/Hub/Editor/2020.3.29f1/Editor/Data/Managed'
Mono path[1] = 'C:/Program Files/Unity/Hub/Editor/2020.3.29f1/Editor/Data/MonoBleedingEdge/lib/mono/unityjit'
Mono config path = 'C:/Program Files/Unity/Hub/Editor/2020.3.29f1/Editor/Data/MonoBleedingEdge/etc'
Using monoOptions --debugger-agent=transport=dt_socket,embedding=1,server=y,suspend=n,address=127.0.0.1:56332
Begin MonoManager ReloadAssembly
Registering precompiled unity dll's ...
Register platform support module: C:/Program Files/Unity/Hub/Editor/2020.3.29f1/Editor/Data/PlaybackEngines/WindowsStandaloneSupport/UnityEditor.WindowsStandalone.Extensions.dll
Registered in 0.006651 seconds.
Native extension for WindowsStandalone target not found
Refreshing native plugins compatible for Editor in 148.26 ms, found 2 plugins.
Preloading 0 native plugins for Editor in 0.00 ms.
Mono: successfully reloaded assembly
- Completed reload, in  1.275 seconds
Domain Reload Profiling:
	ReloadAssembly (1275ms)
		BeginReloadAssembly (205ms)
			ExecutionOrderSort (0ms)
			DisableScriptedObjects (0ms)
			BackupInstance (0ms)
			ReleaseScriptingObjects (0ms)
			CreateAndSetChildDomain (1ms)
		EndReloadAssembly (907ms)
			LoadAssemblies (192ms)
			RebuildTransferFunctionScriptingTraits (0ms)
			SetupTypeCache (271ms)
			ReleaseScriptCaches (0ms)
			RebuildScriptCaches (50ms)
			SetupLoadedEditorAssemblies (359ms)
				LogAssemblyErrors (0ms)
				InitializePlatformSupportModulesInManaged (6ms)
				SetLoadedEditorAssemblies (0ms)
				RefreshPlugins (148ms)
				BeforeProcessingInitializeOnLoad (27ms)
				ProcessInitializeOnLoadAttributes (127ms)
				ProcessInitializeOnLoadMethodAttributes (50ms)
				AfterProcessingInitializeOnLoad (0ms)
				EditorAssembliesLoaded (0ms)
			ExecutionOrderSort2 (0ms)
			AwakeInstancesAfterBackupRestoration (0ms)
Platform modules already initialized, skipping
Registering precompiled user dll's ...
Registered in 0.024499 seconds.
Begin MonoManager ReloadAssembly
Native extension for WindowsStandalone target not found
Refreshing native plugins compatible for Editor in 1.20 ms, found 2 plugins.
Preloading 0 native plugins for Editor in 0.00 ms.
Mono: successfully reloaded assembly
- Completed reload, in  2.549 seconds
Domain Reload Profiling:
	ReloadAssembly (2551ms)
		BeginReloadAssembly (321ms)
			ExecutionOrderSort (0ms)
			DisableScriptedObjects (10ms)
			BackupInstance (0ms)
			ReleaseScriptingObjects (0ms)
			CreateAndSetChildDomain (32ms)
		EndReloadAssembly (2063ms)
			LoadAssemblies (288ms)
			RebuildTransferFunctionScriptingTraits (0ms)
			SetupTypeCache (609ms)
			ReleaseScriptCaches (1ms)
			RebuildScriptCaches (131ms)
			SetupLoadedEditorAssemblies (873ms)
				LogAssemblyErrors (0ms)
				InitializePlatformSupportModulesInManaged (6ms)
				SetLoadedEditorAssemblies (1ms)
				RefreshPlugins (1ms)
				BeforeProcessingInitializeOnLoad (205ms)
				ProcessInitializeOnLoadAttributes (416ms)
				ProcessInitializeOnLoadMethodAttributes (214ms)
				AfterProcessingInitializeOnLoad (29ms)
				EditorAssembliesLoaded (1ms)
			ExecutionOrderSort2 (0ms)
			AwakeInstancesAfterBackupRestoration (10ms)
Platform modules already initialized, skipping
========================================================================
Worker process is ready to serve import requests
Launched and connected shader compiler UnityShaderCompiler.exe after 0.12 seconds
Refreshing native plugins compatible for Editor in 1.67 ms, found 2 plugins.
Preloading 0 native plugins for Editor in 0.00 ms.
Unloading 2625 Unused Serialized files (Serialized files now loaded: 0)
System memory in use before: 182.3 MB.
System memory in use after: 182.4 MB.

Unloading 62 unused Assets to reduce memory usage. Loaded Objects now: 3035.
Total: 9.961800 ms (FindLiveObjects: 0.318000 ms CreateObjectMapping: 0.180600 ms MarkObjects: 9.348100 ms  DeleteObjects: 0.113200 ms)

AssetImportParameters requested are different than current active one (requested -> active):
  custom:framework-win-MediaFoundation: 216162199b28c13a410421893ffa2e32 -> 
  custom:video-decoder-ogg-theora: a1e56fd34408186e4bbccfd4996cb3dc -> 
  custom:container-muxer-webm: aa71ff27fc2769a1b78a27578f13a17b -> 
  custom:container-demuxer-webm: 4f35f7cbe854078d1ac9338744f61a02 -> 
  custom:container-demuxer-ogg: 62fdf1f143b41e24485cea50d1cbac27 -> 
  custom:video-encoder-webm-vp8: eb34c28f22e8b96e1ab97ce403110664 -> 
  custom:video-decoder-webm-vp8: 9c59270c3fd7afecdb556c50c9e8de78 -> 
  custom:audio-decoder-ogg-vorbis: bf7c407c2cedff20999df2af8eb42d56 -> 
  custom:audio-encoder-webm-vorbis: bf7c407c2cedff20999df2af8eb42d56 -> 
========================================================================
Received Import Request.
  path: Assets/Prefabs/Player Character.prefab
  artifactKey: Guid(cd555c2637a4add4aa5449ef51e686cc) Importer(815301076,1909f56bfc062723c751e8b465ee728b)
Start importing Assets/Prefabs/Player Character.prefab using Guid(cd555c2637a4add4aa5449ef51e686cc) Importer(815301076,1909f56bfc062723c751e8b465ee728b)  -> (artifact id: '46fac80f3d11035ecd16134c2621f5c0') in 0.608189 seconds 
  Import took 0.617148 seconds .

========================================================================
Received Import Request.
  Time since last request: 209.268463 seconds.
  path: Assets/Scripts/Gun.cs
  artifactKey: Guid(93c14943f73d87543b453f3a037d7029) Importer(815301076,1909f56bfc062723c751e8b465ee728b)
Start importing Assets/Scripts/Gun.cs using Guid(93c14943f73d87543b453f3a037d7029) Importer(815301076,1909f56bfc062723c751e8b465ee728b)  -> (artifact id: 'c1326188fede07baec02fce849ff93da') in 0.017407 seconds 
  Import took 0.022884 seconds .

========================================================================
Received Import Request.
  Time since last request: 1143.745573 seconds.
  path: Assets/Scripts/Gun.cs
  artifactKey: Guid(93c14943f73d87543b453f3a037d7029) Importer(815301076,1909f56bfc062723c751e8b465ee728b)
Start importing Assets/Scripts/Gun.cs using Guid(93c14943f73d87543b453f3a037d7029) Importer(815301076,1909f56bfc062723c751e8b465ee728b)  -> (artifact id: '86cab9cda21d0a15420ffc49ee00c5c3') in 0.006864 seconds 
  Import took 0.017654 seconds .

========================================================================
Received Import Request.
  Time since last request: 518.861881 seconds.
  path: Assets/Scripts/Gun.cs
  artifactKey: Guid(93c14943f73d87543b453f3a037d7029) Importer(815301076,1909f56bfc062723c751e8b465ee728b)
Start importing Assets/Scripts/Gun.cs using Guid(93c14943f73d87543b453f3a037d7029) Importer(815301076,1909f56bfc062723c751e8b465ee728b)  -> (artifact id: '71776571cd1d263c1454fe1aabdaf322') in 0.007978 seconds 
  Import took 0.014075 seconds .

========================================================================
Received Prepare
Registering precompiled user dll's ...
Registered in 0.027595 seconds.
Begin MonoManager ReloadAssembly
Native extension for WindowsStandalone target not found
Refreshing native plugins compatible for Editor in 0.87 ms, found 2 plugins.
Preloading 0 native plugins for Editor in 0.00 ms.
Mono: successfully reloaded assembly
- Completed reload, in  1.660 seconds
Domain Reload Profiling:
	ReloadAssembly (1662ms)
		BeginReloadAssembly (323ms)
			ExecutionOrderSort (0ms)
			DisableScriptedObjects (18ms)
			BackupInstance (0ms)
			ReleaseScriptingObjects (0ms)
			CreateAndSetChildDomain (94ms)
		EndReloadAssembly (1245ms)
			LoadAssemblies (221ms)
			RebuildTransferFunctionScriptingTraits (0ms)
			SetupTypeCache (352ms)
			ReleaseScriptCaches (1ms)
			RebuildScriptCaches (47ms)
			SetupLoadedEditorAssemblies (522ms)
				LogAssemblyErrors (0ms)
				InitializePlatformSupportModulesInManaged (6ms)
				SetLoadedEditorAssemblies (1ms)
				RefreshPlugins (1ms)
				BeforeProcessingInitializeOnLoad (133ms)
				ProcessInitializeOnLoadAttributes (269ms)
				ProcessInitializeOnLoadMethodAttributes (87ms)
				AfterProcessingInitializeOnLoad (23ms)
				EditorAssembliesLoaded (1ms)
			ExecutionOrderSort2 (0ms)
			AwakeInstancesAfterBackupRestoration (8ms)
Platform modules already initialized, skipping
Refreshing native plugins compatible for Editor in 0.85 ms, found 2 plugins.
Preloading 0 native plugins for Editor in 0.00 ms.
Unloading 2589 Unused Serialized files (Serialized files now loaded: 0)
System memory in use before: 182.3 MB.
System memory in use after: 182.5 MB.

Unloading 52 unused Assets to reduce memory usage. Loaded Objects now: 3046.
Total: 6.910300 ms (FindLiveObjects: 0.247400 ms CreateObjectMapping: 0.143900 ms MarkObjects: 6.417900 ms  DeleteObjects: 0.099500 ms)

AssetImportParameters requested are different than current active one (requested -> active):
  custom:framework-win-MediaFoundation: 216162199b28c13a410421893ffa2e32 -> 
  custom:video-decoder-ogg-theora: a1e56fd34408186e4bbccfd4996cb3dc -> 
  custom:container-muxer-webm: aa71ff27fc2769a1b78a27578f13a17b -> 
  custom:container-demuxer-webm: 4f35f7cbe854078d1ac9338744f61a02 -> 
  custom:container-demuxer-ogg: 62fdf1f143b41e24485cea50d1cbac27 -> 
  custom:video-encoder-webm-vp8: eb34c28f22e8b96e1ab97ce403110664 -> 
  custom:video-decoder-webm-vp8: 9c59270c3fd7afecdb556c50c9e8de78 -> 
  custom:audio-decoder-ogg-vorbis: bf7c407c2cedff20999df2af8eb42d56 -> 
  custom:audio-encoder-webm-vorbis: bf7c407c2cedff20999df2af8eb42d56 -> 
========================================================================
Received Import Request.
  Time since last request: 190.247148 seconds.
  path: Assets/Prefabs/Player Character.prefab
  artifactKey: Guid(cd555c2637a4add4aa5449ef51e686cc) Importer(815301076,1909f56bfc062723c751e8b465ee728b)
Start importing Assets/Prefabs/Player Character.prefab using Guid(cd555c2637a4add4aa5449ef51e686cc) Importer(815301076,1909f56bfc062723c751e8b465ee728b)  -> (artifact id: 'f35322257f957e6006cf33a10140ed86') in 0.344719 seconds 
  Import took 0.351819 seconds .

========================================================================
Received Import Request.
  Time since last request: 1011.219967 seconds.
  path: Assets/Prefabs/Zombie.prefab
  artifactKey: Guid(2b839474f49be614fb4e038a5bcb36ce) Importer(815301076,1909f56bfc062723c751e8b465ee728b)
Start importing Assets/Prefabs/Zombie.prefab using Guid(2b839474f49be614fb4e038a5bcb36ce) Importer(815301076,1909f56bfc062723c751e8b465ee728b)  -> (artifact id: '015b652a4aad6707ee3562ebd0ea48e2') in 0.216753 seconds 
  Import took 0.223219 seconds .

========================================================================
Received Import Request.
  Time since last request: 7.524875 seconds.
  path: Assets/Prefabs/Zombie.prefab
  artifactKey: Guid(2b839474f49be614fb4e038a5bcb36ce) Importer(815301076,1909f56bfc062723c751e8b465ee728b)
Start importing Assets/Prefabs/Zombie.prefab using Guid(2b839474f49be614fb4e038a5bcb36ce) Importer(815301076,1909f56bfc062723c751e8b465ee728b)  -> (artifact id: 'fe7e37cc6c13996f9992698d3104c89c') in 0.140235 seconds 
  Import took 0.148377 seconds .

========================================================================
Received Import Request.
  Time since last request: 10.515159 seconds.
  path: Assets/Prefabs/Zombie.prefab
  artifactKey: Guid(2b839474f49be614fb4e038a5bcb36ce) Importer(815301076,1909f56bfc062723c751e8b465ee728b)
Start importing Assets/Prefabs/Zombie.prefab using Guid(2b839474f49be614fb4e038a5bcb36ce) Importer(815301076,1909f56bfc062723c751e8b465ee728b)  -> (artifact id: '88bdaca5efc2ce1fbb1b7c9fa7c553b1') in 0.146908 seconds 
  Import took 0.157162 seconds .

========================================================================
Received Import Request.
  Time since last request: 6.281463 seconds.
  path: Assets/Prefabs/Zombie.prefab
  artifactKey: Guid(2b839474f49be614fb4e038a5bcb36ce) Importer(815301076,1909f56bfc062723c751e8b465ee728b)
Start importing Assets/Prefabs/Zombie.prefab using Guid(2b839474f49be614fb4e038a5bcb36ce) Importer(815301076,1909f56bfc062723c751e8b465ee728b)  -> (artifact id: '94a14d44349a15379f660270c5319c94') in 0.145875 seconds 
  Import took 0.153456 seconds .

========================================================================
Received Import Request.
  Time since last request: 8.471886 seconds.
  path: Assets/Prefabs/Zombie.prefab
  artifactKey: Guid(2b839474f49be614fb4e038a5bcb36ce) Importer(815301076,1909f56bfc062723c751e8b465ee728b)
Start importing Assets/Prefabs/Zombie.prefab using Guid(2b839474f49be614fb4e038a5bcb36ce) Importer(815301076,1909f56bfc062723c751e8b465ee728b)  -> (artifact id: '5b05805e69edd79419a26349d0ea5b2d') in 0.169997 seconds 
  Import took 0.178172 seconds .

========================================================================
Received Prepare
Registering precompiled user dll's ...
Registered in 0.016669 seconds.
Begin MonoManager ReloadAssembly
Native extension for WindowsStandalone target not found
Refreshing native plugins compatible for Editor in 0.88 ms, found 2 plugins.
Preloading 0 native plugins for Editor in 0.00 ms.
Mono: successfully reloaded assembly
- Completed reload, in  1.318 seconds
Domain Reload Profiling:
	ReloadAssembly (1319ms)
		BeginReloadAssembly (196ms)
			ExecutionOrderSort (0ms)
			DisableScriptedObjects (6ms)
			BackupInstance (0ms)
			ReleaseScriptingObjects (0ms)
			CreateAndSetChildDomain (45ms)
		EndReloadAssembly (1028ms)
			LoadAssemblies (188ms)
			RebuildTransferFunctionScriptingTraits (0ms)
			SetupTypeCache (313ms)
			ReleaseScriptCaches (1ms)
			RebuildScriptCaches (43ms)
			SetupLoadedEditorAssemblies (426ms)
				LogAssemblyErrors (0ms)
				InitializePlatformSupportModulesInManaged (5ms)
				SetLoadedEditorAssemblies (1ms)
				RefreshPlugins (1ms)
				BeforeProcessingInitializeOnLoad (106ms)
				ProcessInitializeOnLoadAttributes (232ms)
				ProcessInitializeOnLoadMethodAttributes (63ms)
				AfterProcessingInitializeOnLoad (19ms)
				EditorAssembliesLoaded (0ms)
			ExecutionOrderSort2 (0ms)
			AwakeInstancesAfterBackupRestoration (7ms)
Platform modules already initialized, skipping
Refreshing native plugins compatible for Editor in 0.87 ms, found 2 plugins.
Preloading 0 native plugins for Editor in 0.00 ms.
Unloading 2589 Unused Serialized files (Serialized files now loaded: 0)
System memory in use before: 182.4 MB.
System memory in use after: 182.6 MB.

Unloading 52 unused Assets to reduce memory usage. Loaded Objects now: 3051.
Total: 7.559500 ms (FindLiveObjects: 0.246000 ms CreateObjectMapping: 0.108700 ms MarkObjects: 7.165100 ms  DeleteObjects: 0.038200 ms)

AssetImportParameters requested are different than current active one (requested -> active):
  custom:framework-win-MediaFoundation: 216162199b28c13a410421893ffa2e32 -> 
  custom:video-decoder-ogg-theora: a1e56fd34408186e4bbccfd4996cb3dc -> 
  custom:container-muxer-webm: aa71ff27fc2769a1b78a27578f13a17b -> 
  custom:container-demuxer-webm: 4f35f7cbe854078d1ac9338744f61a02 -> 
  custom:container-demuxer-ogg: 62fdf1f143b41e24485cea50d1cbac27 -> 
  custom:video-encoder-webm-vp8: eb34c28f22e8b96e1ab97ce403110664 -> 
  custom:video-decoder-webm-vp8: 9c59270c3fd7afecdb556c50c9e8de78 -> 
  custom:audio-decoder-ogg-vorbis: bf7c407c2cedff20999df2af8eb42d56 -> 
  custom:audio-encoder-webm-vorbis: bf7c407c2cedff20999df2af8eb42d56 -> 
AssetImportWorkerClient::OnTransportError - code=2 error=End of file
